DLauncher/build/intermediates/proguard-rules/release/aapt_rules.txt
# view AndroidManifest.xml #generated:50
-keep class cn.donica.slcd.launcher.AppsContentProvider { <init>(...); }

# view AndroidManifest.xml #generated:20
-keep class cn.donica.slcd.launcher.BaseApplication { <init>(...); }

# view AndroidManifest.xml #generated:55
-keep class cn.donica.slcd.launcher.InstallOrUninstallReceiver { <init>(...); }

# view AndroidManifest.xml #generated:26
-keep class cn.donica.slcd.launcher.MainActivity { <init>(...); }

# view res/layout/layout_test.xml #generated:8
-keep class cn.donica.slcd.launcher.ui.DotView { <init>(...); }

# view res/layout/main.xml #generated:32
-keep class cn.donica.slcd.launcher.ui.PageControlView { <init>(...); }

# view res/layout/main.xml #generated:25
-keep class cn.donica.slcd.launcher.ui.ScrollLayout { <init>(...); }