DLauncher/build/outputs/mapping/release/mapping.txt
cn.donica.slcd.launcher.AppsContentProvider -> cn.donica.slcd.launcher.AppsContentProvider:
    cn.donica.slcd.launcher.db.DataBaseHelper dbHelper -> a
    android.content.UriMatcher uriMatcher -> b
    void <init>() -> <init>
    boolean onCreate() -> onCreate
    java.lang.String getType(android.net.Uri) -> getType
    int delete(android.net.Uri,java.lang.String,java.lang.String[]) -> delete
    android.net.Uri insert(android.net.Uri,android.content.ContentValues) -> insert
    int bulkInsert(android.net.Uri,android.content.ContentValues[]) -> bulkInsert
    android.database.Cursor query(android.net.Uri,java.lang.String[],java.lang.String,java.lang.String[],java.lang.String) -> query
    int update(android.net.Uri,android.content.ContentValues,java.lang.String,java.lang.String[]) -> update
    void <clinit>() -> <clinit>
cn.donica.slcd.launcher.BaseApplication -> cn.donica.slcd.launcher.BaseApplication:
    java.lang.String SD_DB_PATH -> b
    android.content.Context context -> c
    boolean APP_ADD -> a
    void <init>() -> <init>
    void onCreate() -> onCreate
    android.content.Context getContext() -> a
    boolean fileIsExists(java.lang.String) -> a
    void uncaughtException(java.lang.Thread,java.lang.Throwable) -> uncaughtException
    java.lang.String GetMainActivityNameWithPackageName(android.content.Context,java.lang.String) -> a
    void <clinit>() -> <clinit>
cn.donica.slcd.launcher.Config -> cn.donica.slcd.launcher.a:
    java.lang.String picFile -> a
    int picWidth -> b
    int picHeight -> c
    java.lang.String pngPath -> d
    java.lang.String jpgPath -> e
    java.lang.String getSeatPosition(android.content.Context) -> a
    void <clinit>() -> <clinit>
cn.donica.slcd.launcher.IconUtil -> cn.donica.slcd.launcher.b:
    android.graphics.Canvas mCanvas -> a
    android.graphics.Paint mPaint -> b
    void init(android.content.Context) -> a
    android.graphics.Bitmap getBitmapWithNoScale(android.graphics.drawable.Drawable,android.graphics.Bitmap) -> a
    android.graphics.Bitmap getBitmapFromExternalStorage(java.lang.String) -> a
cn.donica.slcd.launcher.InstallOrUninstallReceiver -> cn.donica.slcd.launcher.InstallOrUninstallReceiver:
    cn.donica.slcd.launcher.db.DataBaseHelper dbHelper -> a
    cn.donica.slcd.launcher.BaseApplication myApplication -> b
    void <init>() -> <init>
    void onReceive(android.content.Context,android.content.Intent) -> onReceive
cn.donica.slcd.launcher.MainActivity -> cn.donica.slcd.launcher.MainActivity:
    java.util.List mApps -> f
    java.util.List mAppList -> a
    java.util.List appsModelList -> g
    cn.donica.slcd.launcher.model.AppsModel appsModel -> h
    cn.donica.slcd.launcher.db.SqliteHelperUtil dbHelper -> i
    cn.donica.slcd.launcher.ui.PageControlView pageControl -> j
    android.widget.TextView seatTv -> k
    android.content.Context mContext -> b
    android.widget.GridView gridView -> l
    java.lang.String packageName -> c
    java.lang.String activityName -> d
    cn.donica.slcd.launcher.ui.ScrollLayout mScrollLayout -> m
    android.widget.LinearLayout linearLayout -> n
    android.graphics.Bitmap bitmap -> o
    android.net.Uri APPS_URI -> p
    android.widget.AdapterView$OnItemClickListener listener -> e
    void <init>() -> <init>
    void onCreate(android.os.Bundle) -> onCreate
    void onResume() -> onResume
    void loadWallpaper() -> a
    android.graphics.drawable.Drawable loadSDCardPic(java.lang.String) -> a
    void loadApp() -> b
    void loadDbApp() -> c
    void loadDbData(java.util.List) -> a
    void checkAppIsRight(java.util.List) -> b
    void onBackPressed() -> onBackPressed
    void onDestroy() -> onDestroy
    void initGridView() -> d
    void onStop() -> onStop
    cn.donica.slcd.launcher.db.SqliteHelperUtil access$000(cn.donica.slcd.launcher.MainActivity) -> a
...
android.support.v4.util.ArrayMap -> android.support.v4.b.a:
    android.support.v4.util.MapCollections mCollections -> a
    void <init>() -> <init>
    android.support.v4.util.MapCollections getCollection() -> b
    void putAll(java.util.Map) -> putAll
    boolean retainAll(java.util.Collection) -> a
    java.util.Set entrySet() -> entrySet
    java.util.Set keySet() -> keySet
    java.util.Collection values() -> values
android.support.v4.util.ArrayMap$1 -> android.support.v4.b.a$1:
    android.support.v4.util.ArrayMap this$0 -> a
    void <init>(android.support.v4.util.ArrayMap) -> <init>
    int colGetSize() -> a
    java.lang.Object colGetEntry(int,int) -> a
    int colIndexOfKey(java.lang.Object) -> a
    int colIndexOfValue(java.lang.Object) -> b
    java.util.Map colGetMap() -> b
    void colPut(java.lang.Object,java.lang.Object) -> a
    java.lang.Object colSetValue(int,java.lang.Object) -> a
    void colRemoveAt(int) -> a
    void colClear() -> c
android.support.v4.util.ContainerHelpers -> android.support.v4.b.b:
    int[] EMPTY_INTS -> a
    long[] EMPTY_LONGS -> b
    java.lang.Object[] EMPTY_OBJECTS -> c
    int idealIntArraySize(int) -> a
    int idealByteArraySize(int) -> b
    boolean equal(java.lang.Object,java.lang.Object) -> a
    int binarySearch(int[],int,int) -> a
    void <clinit>() -> <clinit>
android.support.v4.util.DebugUtils -> android.support.v4.b.c:
    void buildShortClassTag(java.lang.Object,java.lang.StringBuilder) -> a
android.support.v4.util.LogWriter -> android.support.v4.b.d:
    java.lang.String mTag -> a
    java.lang.StringBuilder mBuilder -> b
    void <init>(java.lang.String) -> <init>
    void close() -> close
    void flush() -> flush
    void write(char[],int,int) -> write
    void flushBuilder() -> a
android.support.v4.util.MapCollections -> android.support.v4.b.e:
    android.support.v4.util.MapCollections$EntrySet mEntrySet -> b
    android.support.v4.util.MapCollections$KeySet mKeySet -> c
    android.support.v4.util.MapCollections$ValuesCollection mValues -> d
    void <init>() -> <init>
    boolean containsAllHelper(java.util.Map,java.util.Collection) -> a
    boolean removeAllHelper(java.util.Map,java.util.Collection) -> b
    boolean retainAllHelper(java.util.Map,java.util.Collection) -> c
    java.lang.Object[] toArrayHelper(int) -> b
    java.lang.Object[] toArrayHelper(java.lang.Object[],int) -> a
    boolean equalsSetHelper(java.util.Set,java.lang.Object) -> a
    java.util.Set getEntrySet() -> d
    java.util.Set getKeySet() -> e
    java.util.Collection getValues() -> f
    int colGetSize() -> a
    java.lang.Object colGetEntry(int,int) -> a
    int colIndexOfKey(java.lang.Object) -> a
    int colIndexOfValue(java.lang.Object) -> b
    java.util.Map colGetMap() -> b
    void colPut(java.lang.Object,java.lang.Object) -> a
    java.lang.Object colSetValue(int,java.lang.Object) -> a
    void colRemoveAt(int) -> a
    void colClear() -> c
android.support.v4.util.MapCollections$ArrayIterator -> android.support.v4.b.e$a:
    int mOffset -> a
    int mSize -> b
    int mIndex -> c
    boolean mCanRemove -> d
    android.support.v4.util.MapCollections this$0 -> e
    void <init>(android.support.v4.util.MapCollections,int) -> <init>
    boolean hasNext() -> hasNext
    java.lang.Object next() -> next
    void remove() -> remove