DLauncher/build/outputs/mapping/release/usage.txt
cn.donica.slcd.launcher.AppsContentProvider:
    private static final java.lang.String TAG
    public static final int LAUNCHER_DIR
    public static final int LAUNCHER_ITEM
    public static final java.lang.String CONTENT_TYPE
    public static final java.lang.String CONTENT_ITEM_TYPE
    public static final java.lang.String AUTHORITY
cn.donica.slcd.launcher.BaseApplication:
    cn.donica.slcd.launcher.util.DbBackupUtil dbBackupUtil
    private static final java.lang.String TAG
    68:78:public boolean sdDbIsExists()
    90:99:public boolean appDbIsExists()
    105:106:private void dataRecover()
    111:112:private void dataBackup()
    185:216:public void openApp(android.content.Context,java.lang.String)
cn.donica.slcd.launcher.BuildConfig
cn.donica.slcd.launcher.Config:
    11:11:public Config()
cn.donica.slcd.launcher.IconUtil:
    private static final java.lang.String TAG
    private static final int EDGE_WIDTH
    21:21:public IconUtil()
    95:105:private android.graphics.Canvas createCircleImage(int)
    110:119:public static android.graphics.Bitmap test()
cn.donica.slcd.launcher.InstallOrUninstallReceiver:
    private static final java.lang.String TAG
cn.donica.slcd.launcher.MainActivity:
    private static final int APP_PAGE_SIZE
    private static final java.lang.String TAG
cn.donica.slcd.launcher.R
cn.donica.slcd.launcher.R$attr
cn.donica.slcd.launcher.R$dimen
cn.donica.slcd.launcher.R$drawable
cn.donica.slcd.launcher.R$id
cn.donica.slcd.launcher.R$layout
cn.donica.slcd.launcher.R$string
cn.donica.slcd.launcher.R$styleable
cn.donica.slcd.launcher.Utilities:
    private static final java.lang.String TAG
    25:25:public Utilities()
    54:69:static android.graphics.Bitmap createIconBitmap(android.graphics.Bitmap,android.content.Context)
    91:165:public static android.graphics.Bitmap createIconBitmap(android.graphics.drawable.Drawable,android.content.Context)
    171:190:static void drawSelectedAllAppsBitmap(android.graphics.Canvas,int,int,boolean,android.graphics.Bitmap)
    203:216:static android.graphics.Bitmap resampleIconBitmap(android.graphics.Bitmap,android.content.Context)
    220:234:static android.graphics.Bitmap drawDisabledBitmap(android.graphics.Bitmap,android.content.Context)
    238:255:private static void initStatics(android.content.Context)
    261:275:static int roundToPow2(int)
    279:279:static int generateRandomId()
cn.donica.slcd.launcher.adapter.AppAdapters:
    private static final java.lang.String TAG
    public static final int APP_PAGE_SIZE
cn.donica.slcd.launcher.db.CopyDBToSDCard
cn.donica.slcd.launcher.db.DataBaseHelper:
    private static final java.lang.String TAG
cn.donica.slcd.launcher.db.DbHelperColumn:
    public static final java.lang.String TAG
    public static final java.lang.String DATABASENAME
    public static final java.lang.String TABLE_NAME
    public static final int DATABASE_VERSION
    public static final java.lang.String APP_ID
    public static final java.lang.String MAIN_ACTIVITY_NAME
    public static final java.lang.String PACKAGENAME
    public static final java.lang.String NUMBER
    public static final java.lang.String PIC_NAME
    public static final java.lang.String PIC_SIGN
    public static final java.lang.String ADAPTATION
    public static final java.lang.String DISPLAY
    public static final int PAGESIZE
    3:3:public DbHelperColumn()
cn.donica.slcd.launcher.db.SqliteHelperUtil:
    private static final java.lang.String TAG
    60:70:public byte[] getBitmapByte(android.graphics.drawable.Drawable)
    79:84:public android.database.Cursor queryAllData()
    93:98:public android.database.Cursor queryAllDataBySqlStr()
    107:112:public android.database.Cursor queryDataWithPic()
    121:126:public android.database.Cursor queryDataWithoutPic()
    153:162:public android.database.Cursor queryPageById(int)
    316:334:public java.util.List getPage()
cn.donica.slcd.launcher.test.AppContentProviderTest
cn.donica.slcd.launcher.test.BaseApplicationTest
...
android.support.v4.app.FragmentManagerImpl:
    static final java.lang.String TAG
    static final java.lang.String TARGET_REQUEST_CODE_STATE_TAG
    static final java.lang.String TARGET_STATE_TAG
    static final java.lang.String VIEW_STATE_TAG
    static final java.lang.String USER_VISIBLE_HINT_TAG
    static final int ANIM_DUR
    public static final int ANIM_STYLE_OPEN_ENTER
    public static final int ANIM_STYLE_OPEN_EXIT
    public static final int ANIM_STYLE_CLOSE_ENTER
    public static final int ANIM_STYLE_CLOSE_EXIT
    public static final int ANIM_STYLE_FADE_ENTER
    public static final int ANIM_STYLE_FADE_EXIT
    493:498:public void popBackStack()
    509:514:public void popBackStack(java.lang.String,int)
    518:520:public boolean popBackStackImmediate(java.lang.String,int)
    525:533:public void popBackStack(int,int)
    537:542:public boolean popBackStackImmediate(int,int)
    547:547:public int getBackStackEntryCount()
    552:552:public android.support.v4.app.FragmentManager$BackStackEntry getBackStackEntryAt(int)
    557:561:public void addOnBackStackChangedListener(android.support.v4.app.FragmentManager$OnBackStackChangedListener)
    565:568:public void removeOnBackStackChangedListener(android.support.v4.app.FragmentManager$OnBackStackChangedListener)
    599:599:public java.util.List getFragments()
    604:612:public android.support.v4.app.Fragment$SavedState saveFragmentInstanceState(android.support.v4.app.Fragment)
android.support.v4.app.FragmentManagerImpl$2
android.support.v4.app.FragmentManagerImpl$3
android.support.v4.app.FragmentManagerImpl$4
android.support.v4.app.FragmentManagerImpl$FragmentTag:
    public static final int Fragment_id
    public static final int Fragment_name
    public static final int Fragment_tag
    2215:2215:FragmentManagerImpl$FragmentTag()
android.support.v4.app.FragmentPagerAdapter
android.support.v4.app.FragmentStatePagerAdapter
android.support.v4.app.FragmentTabHost:
    private android.widget.FrameLayout mRealTabContent
    52:132:public FragmentTabHost(android.content.Context)
    52:137:public FragmentTabHost(android.content.Context,android.util.AttributeSet)
    140:146:private void initFragmentTabHost(android.content.Context,android.util.AttributeSet)
    151:174:private void ensureHierarchy(android.content.Context)
    188:193:public void setup(android.content.Context,android.support.v4.app.FragmentManager)
    196:209:public void setup(android.content.Context,android.support.v4.app.FragmentManager,int)
    212:219:private void ensureContent()
    227:246:public void addTab(android.widget.TabHost$TabSpec,java.lang.Class,android.os.Bundle)
android.support.v4.app.FragmentTabHost$DummyTabFactory
android.support.v4.app.FragmentTabHost$TabInfo:
    67:71:FragmentTabHost$TabInfo(java.lang.String,java.lang.Class,android.os.Bundle)